#0 building with "rootless" instance using docker driver

#1 [internal] load build definition from Dockerfile
#1 transferring dockerfile: 3.12kB done
#1 DONE 0.0s

#2 [internal] load metadata for lscr.io/linuxserver/webtop:debian-xfce
#2 DONE 2.7s

#3 [internal] load .dockerignore
#3 transferring context: 2B done
#3 DONE 0.0s

#4 [ 1/13] FROM lscr.io/linuxserver/webtop:debian-xfce@sha256:495b8446df1eeb8b1446f79e108749f7c7e3d70ad8ed10d475f09972bc7c50a1
#4 resolve lscr.io/linuxserver/webtop:debian-xfce@sha256:495b8446df1eeb8b1446f79e108749f7c7e3d70ad8ed10d475f09972bc7c50a1 0.0s done
#4 sha256:1d0837fc4718e57f291ef7ae1ed77a7745bff15bbd3883c512a8d34fd1c7ff85 20.87kB / 20.87kB done
#4 sha256:8eb9195ac8d00f47e3cc4f5a1c37627a197248dc5a49eb7a4f1574528ac6a6a6 0B / 6.24kB 0.1s
#4 sha256:1a95c24b805ca2312e661403b732ee9000b143354e1a989e833b712061887a5b 0B / 1.36kB 0.1s
#4 sha256:d02f163d2eae0add47b07cc236a64fe22791186c90f2532590390c67efda5e48 0B / 33.18MB 0.1s
#4 sha256:495b8446df1eeb8b1446f79e108749f7c7e3d70ad8ed10d475f09972bc7c50a1 1.61kB / 1.61kB done
#4 sha256:fd4e5cd94ab38a187d5c04aa272fc6f7e5fb87fbe0bd1bbb4bfe32a57fd87ad9 2.77kB / 2.77kB done
#4 sha256:8eb9195ac8d00f47e3cc4f5a1c37627a197248dc5a49eb7a4f1574528ac6a6a6 0B / 6.24kB 7.3s
#4 sha256:1a95c24b805ca2312e661403b732ee9000b143354e1a989e833b712061887a5b 0B / 1.36kB 7.3s
#4 sha256:d02f163d2eae0add47b07cc236a64fe22791186c90f2532590390c67efda5e48 0B / 33.18MB 7.3s
#4 sha256:1a95c24b805ca2312e661403b732ee9000b143354e1a989e833b712061887a5b 1.36kB / 1.36kB 7.5s done
#4 sha256:cab28e22054e10cb89ddc0345573ba13d97bfade4151e4c3f32d82a97f6a741b 0B / 706B 7.6s
#4 sha256:cab28e22054e10cb89ddc0345573ba13d97bfade4151e4c3f32d82a97f6a741b 706B / 706B 9.6s done
#4 sha256:e76e2227b57b68fa13afd0eee6765e35c85c4f034d44d10df3597cd710f6062a 0B / 428B 9.7s
#4 sha256:8eb9195ac8d00f47e3cc4f5a1c37627a197248dc5a49eb7a4f1574528ac6a6a6 6.24kB / 6.24kB 10.0s done
#4 sha256:83f6634b8750703d569c0e0eba95fcd058e5f132d4ef762f2a178825eb3beb37 0B / 39.14MB 10.2s
#4 sha256:e76e2227b57b68fa13afd0eee6765e35c85c4f034d44d10df3597cd710f6062a 428B / 428B 10.8s done
#4 sha256:240ed99abbdb42cece80ddad3ce06967da8c120bf9df0c8e8330549f02298e30 0B / 4.57kB 10.9s
#4 sha256:240ed99abbdb42cece80ddad3ce06967da8c120bf9df0c8e8330549f02298e30 4.57kB / 4.57kB 12.1s done
#4 sha256:643a022ff2d05176689a04946d580bb9c917f382e46a11de6c7bb1e16e31df85 0B / 885.62MB 12.1s
#4 sha256:d02f163d2eae0add47b07cc236a64fe22791186c90f2532590390c67efda5e48 0B / 33.18MB 12.5s
#4 sha256:83f6634b8750703d569c0e0eba95fcd058e5f132d4ef762f2a178825eb3beb37 0B / 39.14MB 15.2s
#4 sha256:643a022ff2d05176689a04946d580bb9c917f382e46a11de6c7bb1e16e31df85 0B / 885.62MB 17.3s
#4 sha256:d02f163d2eae0add47b07cc236a64fe22791186c90f2532590390c67efda5e48 0B / 33.18MB 17.5s
#4 sha256:83f6634b8750703d569c0e0eba95fcd058e5f132d4ef762f2a178825eb3beb37 0B / 39.14MB 20.3s
#4 sha256:643a022ff2d05176689a04946d580bb9c917f382e46a11de6c7bb1e16e31df85 0B / 885.62MB 22.4s
#4 sha256:d02f163d2eae0add47b07cc236a64fe22791186c90f2532590390c67efda5e48 0B / 33.18MB 22.6s
#4 sha256:83f6634b8750703d569c0e0eba95fcd058e5f132d4ef762f2a178825eb3beb37 0B / 39.14MB 25.3s
#4 sha256:643a022ff2d05176689a04946d580bb9c917f382e46a11de6c7bb1e16e31df85 0B / 885.62MB 27.5s
#4 sha256:d02f163d2eae0add47b07cc236a64fe22791186c90f2532590390c67efda5e48 0B / 33.18MB 27.6s
#4 sha256:83f6634b8750703d569c0e0eba95fcd058e5f132d4ef762f2a178825eb3beb37 0B / 39.14MB 30.3s
#4 sha256:643a022ff2d05176689a04946d580bb9c917f382e46a11de6c7bb1e16e31df85 0B / 885.62MB 32.6s
#4 sha256:d02f163d2eae0add47b07cc236a64fe22791186c90f2532590390c67efda5e48 0B / 33.18MB 32.7s
#4 sha256:83f6634b8750703d569c0e0eba95fcd058e5f132d4ef762f2a178825eb3beb37 0B / 39.14MB 35.4s
#4 sha256:d02f163d2eae0add47b07cc236a64fe22791186c90f2532590390c67efda5e48 0B / 33.18MB 37.7s
#4 sha256:643a022ff2d05176689a04946d580bb9c917f382e46a11de6c7bb1e16e31df85 0B / 885.62MB 37.7s
#4 sha256:d02f163d2eae0add47b07cc236a64fe22791186c90f2532590390c67efda5e48 0B / 33.18MB 43.2s
#4 sha256:83f6634b8750703d569c0e0eba95fcd058e5f132d4ef762f2a178825eb3beb37 1.05MB / 39.14MB 43.2s
#4 sha256:643a022ff2d05176689a04946d580bb9c917f382e46a11de6c7bb1e16e31df85 0B / 885.62MB 43.2s
#4 sha256:d02f163d2eae0add47b07cc236a64fe22791186c90f2532590390c67efda5e48 0B / 33.18MB 48.3s
#4 sha256:83f6634b8750703d569c0e0eba95fcd058e5f132d4ef762f2a178825eb3beb37 3.15MB / 39.14MB 48.3s
#4 sha256:643a022ff2d05176689a04946d580bb9c917f382e46a11de6c7bb1e16e31df85 0B / 885.62MB 48.3s
#4 sha256:d02f163d2eae0add47b07cc236a64fe22791186c90f2532590390c67efda5e48 1.05MB / 33.18MB 53.5s
#4 sha256:83f6634b8750703d569c0e0eba95fcd058e5f132d4ef762f2a178825eb3beb37 4.19MB / 39.14MB 53.5s
#4 sha256:643a022ff2d05176689a04946d580bb9c917f382e46a11de6c7bb1e16e31df85 0B / 885.62MB 53.5s
#4 sha256:d02f163d2eae0add47b07cc236a64fe22791186c90f2532590390c67efda5e48 1.05MB / 33.18MB 58.6s
#4 sha256:83f6634b8750703d569c0e0eba95fcd058e5f132d4ef762f2a178825eb3beb37 5.24MB / 39.14MB 58.6s
#4 sha256:643a022ff2d05176689a04946d580bb9c917f382e46a11de6c7bb1e16e31df85 0B / 885.62MB 58.6s
#4 sha256:d02f163d2eae0add47b07cc236a64fe22791186c90f2532590390c67efda5e48 1.05MB / 33.18MB 63.7s
#4 sha256:83f6634b8750703d569c0e0eba95fcd058e5f132d4ef762f2a178825eb3beb37 6.29MB / 39.14MB 63.7s
#4 sha256:643a022ff2d05176689a04946d580bb9c917f382e46a11de6c7bb1e16e31df85 0B / 885.62MB 63.7s
#4 sha256:d02f163d2eae0add47b07cc236a64fe22791186c90f2532590390c67efda5e48 1.05MB / 33.18MB 68.8s
#4 sha256:83f6634b8750703d569c0e0eba95fcd058e5f132d4ef762f2a178825eb3beb37 7.34MB / 39.14MB 68.8s
#4 sha256:643a022ff2d05176689a04946d580bb9c917f382e46a11de6c7bb1e16e31df85 0B / 885.62MB 68.8s
#4 sha256:d02f163d2eae0add47b07cc236a64fe22791186c90f2532590390c67efda5e48 1.05MB / 33.18MB 73.9s
#4 sha256:83f6634b8750703d569c0e0eba95fcd058e5f132d4ef762f2a178825eb3beb37 8.39MB / 39.14MB 73.9s
#4 sha256:643a022ff2d05176689a04946d580bb9c917f382e46a11de6c7bb1e16e31df85 0B / 885.62MB 73.9s
#4 sha256:d02f163d2eae0add47b07cc236a64fe22791186c90f2532590390c67efda5e48 1.05MB / 33.18MB 79.0s
#4 sha256:83f6634b8750703d569c0e0eba95fcd058e5f132d4ef762f2a178825eb3beb37 9.44MB / 39.14MB 79.0s
#4 sha256:643a022ff2d05176689a04946d580bb9c917f382e46a11de6c7bb1e16e31df85 0B / 885.62MB 79.0s
#4 sha256:d02f163d2eae0add47b07cc236a64fe22791186c90f2532590390c67efda5e48 1.05MB / 33.18MB 84.1s
#4 sha256:83f6634b8750703d569c0e0eba95fcd058e5f132d4ef762f2a178825eb3beb37 10.49MB / 39.14MB 84.1s
#4 sha256:643a022ff2d05176689a04946d580bb9c917f382e46a11de6c7bb1e16e31df85 0B / 885.62MB 84.1s
#4 sha256:d02f163d2eae0add47b07cc236a64fe22791186c90f2532590390c67efda5e48 1.05MB / 33.18MB 89.2s
#4 sha256:83f6634b8750703d569c0e0eba95fcd058e5f132d4ef762f2a178825eb3beb37 10.49MB / 39.14MB 89.2s
#4 sha256:643a022ff2d05176689a04946d580bb9c917f382e46a11de6c7bb1e16e31df85 0B / 885.62MB 89.2s
#4 sha256:d02f163d2eae0add47b07cc236a64fe22791186c90f2532590390c67efda5e48 1.05MB / 33.18MB 96.3s
#4 sha256:83f6634b8750703d569c0e0eba95fcd058e5f132d4ef762f2a178825eb3beb37 10.49MB / 39.14MB 96.3s
#4 sha256:643a022ff2d05176689a04946d580bb9c917f382e46a11de6c7bb1e16e31df85 0B / 885.62MB 96.3s
#4 sha256:d02f163d2eae0add47b07cc236a64fe22791186c90f2532590390c67efda5e48 2.10MB / 33.18MB 101.4s
#4 sha256:83f6634b8750703d569c0e0eba95fcd058e5f132d4ef762f2a178825eb3beb37 11.53MB / 39.14MB 101.4s
#4 sha256:643a022ff2d05176689a04946d580bb9c917f382e46a11de6c7bb1e16e31df85 0B / 885.62MB 101.4s
#4 sha256:d02f163d2eae0add47b07cc236a64fe22791186c90f2532590390c67efda5e48 2.10MB / 33.18MB 106.6s
#4 sha256:83f6634b8750703d569c0e0eba95fcd058e5f132d4ef762f2a178825eb3beb37 12.58MB / 39.14MB 106.6s
#4 sha256:643a022ff2d05176689a04946d580bb9c917f382e46a11de6c7bb1e16e31df85 0B / 885.62MB 106.6s
#4 sha256:83f6634b8750703d569c0e0eba95fcd058e5f132d4ef762f2a178825eb3beb37 14.68MB / 39.14MB 110.1s
#4 sha256:d02f163d2eae0add47b07cc236a64fe22791186c90f2532590390c67efda5e48 2.10MB / 33.18MB 111.6s
#4 sha256:643a022ff2d05176689a04946d580bb9c917f382e46a11de6c7bb1e16e31df85 0B / 885.62MB 111.6s
#4 sha256:83f6634b8750703d569c0e0eba95fcd058e5f132d4ef762f2a178825eb3beb37 15.73MB / 39.14MB 115.3s
#4 sha256:d02f163d2eae0add47b07cc236a64fe22791186c90f2532590390c67efda5e48 2.10MB / 33.18MB 116.7s
#4 sha256:643a022ff2d05176689a04946d580bb9c917f382e46a11de6c7bb1e16e31df85 0B / 885.62MB 116.7s
#4 sha256:83f6634b8750703d569c0e0eba95fcd058e5f132d4ef762f2a178825eb3beb37 16.78MB / 39.14MB 120.5s
#4 sha256:d02f163d2eae0add47b07cc236a64fe22791186c90f2532590390c67efda5e48 2.10MB / 33.18MB 121.8s
#4 sha256:643a022ff2d05176689a04946d580bb9c917f382e46a11de6c7bb1e16e31df85 0B / 885.62MB 121.8s
#4 sha256:83f6634b8750703d569c0e0eba95fcd058e5f132d4ef762f2a178825eb3beb37 18.87MB / 39.14MB 124.9s
#4 sha256:d02f163d2eae0add47b07cc236a64fe22791186c90f2532590390c67efda5e48 2.10MB / 33.18MB 126.9s
#4 sha256:643a022ff2d05176689a04946d580bb9c917f382e46a11de6c7bb1e16e31df85 0B / 885.62MB 126.9s
#4 sha256:d02f163d2eae0add47b07cc236a64fe22791186c90f2532590390c67efda5e48 2.10MB / 33.18MB 132.3s
#4 sha256:83f6634b8750703d569c0e0eba95fcd058e5f132d4ef762f2a178825eb3beb37 18.87MB / 39.14MB 132.3s
#4 sha256:643a022ff2d05176689a04946d580bb9c917f382e46a11de6c7bb1e16e31df85 0B / 885.62MB 132.3s
#4 sha256:83f6634b8750703d569c0e0eba95fcd058e5f132d4ef762f2a178825eb3beb37 20.97MB / 39.14MB 136.6s
#4 sha256:d02f163d2eae0add47b07cc236a64fe22791186c90f2532590390c67efda5e48 2.10MB / 33.18MB 137.4s
#4 sha256:643a022ff2d05176689a04946d580bb9c917f382e46a11de6c7bb1e16e31df85 0B / 885.62MB 137.4s
#4 sha256:83f6634b8750703d569c0e0eba95fcd058e5f132d4ef762f2a178825eb3beb37 22.02MB / 39.14MB 141.7s
#4 sha256:d02f163d2eae0add47b07cc236a64fe22791186c90f2532590390c67efda5e48 3.15MB / 33.18MB 142.4s
#4 sha256:643a022ff2d05176689a04946d580bb9c917f382e46a11de6c7bb1e16e31df85 0B / 885.62MB 142.4s
#4 sha256:83f6634b8750703d569c0e0eba95fcd058e5f132d4ef762f2a178825eb3beb37 23.07MB / 39.14MB 146.8s
#4 sha256:d02f163d2eae0add47b07cc236a64fe22791186c90f2532590390c67efda5e48 3.15MB / 33.18MB 147.4s
#4 sha256:643a022ff2d05176689a04946d580bb9c917f382e46a11de6c7bb1e16e31df85 0B / 885.62MB 147.6s
#4 CANCELED
ERROR: failed to build: failed to solve: Canceled: context canceled
